<?xml version="1.0" encoding="UTF-8"?>
<testsuite xmlns:xsi="http://www.w3.org/2001/XMLSchema-instance" xsi:noNamespaceSchemaLocation="https://maven.apache.org/surefire/maven-surefire-plugin/xsd/surefire-test-report-3.0.xsd" version="3.0" name="wordcloud.WordCloudGeneratorUnitTest" time="1.382" tests="2" errors="0" skipped="0" failures="0">
  <properties>
[...]
</properties>
  <testcase name="generateValidImage" classname="wordcloud.WordCloudGeneratorUnitTest" time="1.297">
    <system-err><![CDATA[SLF4J: Failed to load class "org.slf4j.impl.StaticLoggerBinder".
SLF4J: Defaulting to no-operation (NOP) logger implementation
SLF4J: See http://www.slf4j.org/codes.html#StaticLoggerBinder for further details.
]]></system-err>
  </testcase>
  <testcase name="invalidInputReturnsFailureStatusCode" classname="wordcloud.WordCloudGeneratorUnitTest" time="0.004">
    <system-out><![CDATA[19:58:14.971 [main] ERROR wordcloud.WordCloudGenerator - com.fasterxml.jackson.core.JsonParseException: Unrecognized token 'Hello': was expecting (JSON String, Number, Array, Object or token 'null', 'true' or 'false')
 at [Source: (String)"Hello world"; line: 1, column: 6]
]]></system-out>
  </testcase>
</testsuite>